"../../../Engine/Content/EditorResources/S_TriggerSphere.uasset" 0
"../../../Engine/Content/EditorResources/S_TriggerSphere.uexp" 1
"../../../Engine/Content/EditorResources/S_TriggerCapsule.uasset" 2
"../../../Engine/Content/EditorResources/S_TriggerCapsule.uexp" 3
"../../../Engine/Content/EditorResources/S_TriggerBox.uasset" 4
"../../../Engine/Content/EditorResources/S_TriggerBox.uexp" 5
"../../../Engine/Content/EditorResources/S_Trigger.ubulk" 6
"../../../Engine/Content/EditorResources/S_Trigger.uasset" 7
"../../../Engine/Content/EditorResources/S_Trigger.uexp" 8
"../../../Engine/Content/EditorResources/S_Terrain.ubulk" 9
"../../../Engine/Content/EditorResources/S_Terrain.uasset" 10
"../../../Engine/Content/EditorResources/S_Terrain.uexp" 11
"../../../Engine/Content/EditorResources/S_Solver.ubulk" 12
"../../../Engine/Content/EditorResources/S_Solver.uasset" 13
"../../../Engine/Content/EditorResources/S_Solver.uexp" 14
"../../../Engine/Content/EditorResources/S_BoxReflectionCapture.uasset" 15
"../../../Engine/Content/EditorResources/S_BoxReflectionCapture.uexp" 16
"../../../Engine/Content/EditorResources/S_Actor.ubulk" 17
"../../../Engine/Content/EditorResources/S_Actor.uasset" 18
"../../../Engine/Content/EditorResources/S_Actor.uexp" 19
"../../../Engine/Content/EngineResources/GradientTexture0.uasset" 20
"../../../Engine/Content/EngineResources/GradientTexture0.uexp" 21
"../../../Engine/Content/EngineResources/DefaultVolumeTexture2D.uasset" 22
"../../../Engine/Content/EngineResources/DefaultVolumeTexture2D.uexp" 23
"../../../Engine/Content/EngineResources/DefaultVolumeTexture.uasset" 24
"../../../Engine/Content/EngineResources/DefaultVolumeTexture.uexp" 25
"../../../Engine/Content/EngineResources/DefaultTextureCube.uasset" 26
"../../../Engine/Content/EngineResources/DefaultTextureCube.uexp" 27
"../../../Engine/Content/EngineResources/DefaultTexture.ubulk" 28
"../../../Engine/Content/EngineResources/DefaultTexture.uasset" 29
"../../../Engine/Content/EngineResources/DefaultTexture.uexp" 30
"../../../Engine/Content/EngineResources/FilmGrains/Marcie_Grain_v3_128_M2_000.uasset" 31
"../../../Engine/Content/EngineResources/FilmGrains/Marcie_Grain_v3_128_M2_000.uexp" 32
"../../../Engine/Content/EngineMeshes/Sphere.ubulk" 33
"../../../Engine/Content/EngineMeshes/Sphere.uasset" 34
"../../../Engine/Content/EngineMeshes/Sphere.uexp" 35
"../../../Engine/Content/EngineResources/WhiteSquareTexture.uasset" 36
"../../../Engine/Content/EngineResources/WhiteSquareTexture.uexp" 37
"../../../Engine/Content/EngineMaterials/Widget3DPassThrough.uasset" 38
"../../../Engine/Content/EngineMaterials/Widget3DPassThrough.uexp" 39
"../../../Engine/Content/EngineMaterials/Widget3DPassThrough_Translucent.uasset" 40
"../../../Engine/Content/EngineMaterials/Widget3DPassThrough_Translucent.uexp" 41
"../../../Engine/Content/EngineMaterials/Widget3DPassThrough_Translucent_OneSided.uasset" 42
"../../../Engine/Content/EngineMaterials/Widget3DPassThrough_Translucent_OneSided.uexp" 43
"../../../Engine/Content/EngineMaterials/Widget3DPassThrough_Opaque.uasset" 44
"../../../Engine/Content/EngineMaterials/Widget3DPassThrough_Opaque.uexp" 45
"../../../Engine/Content/EngineMaterials/Widget3DPassThrough_Opaque_OneSided.uasset" 46
"../../../Engine/Content/EngineMaterials/Widget3DPassThrough_Opaque_OneSided.uexp" 47
"../../../Engine/Content/Functions/Engine_MaterialFunctions01/Shading/PowerToRoughness.uasset" 48
"../../../Engine/Content/Functions/Engine_MaterialFunctions01/Shading/PowerToRoughness.uexp" 49
"../../../Engine/Content/Functions/Engine_MaterialFunctions01/Shading/ConvertFromDiffSpec.uasset" 50
"../../../Engine/Content/Functions/Engine_MaterialFunctions01/Shading/ConvertFromDiffSpec.uexp" 51
"../../../Engine/Content/EngineSounds/Master.uasset" 52
"../../../Engine/Content/EngineSounds/Master.uexp" 53
"../../../Engine/Content/EngineSky/VolumetricClouds/CloudWeatherTexture.uasset" 54
"../../../Engine/Content/EngineSky/VolumetricClouds/CloudWeatherTexture.uexp" 55
"../../../Engine/Content/Functions/Engine_MaterialFunctions02/Utility/MakeFloat2.uasset" 56
"../../../Engine/Content/Functions/Engine_MaterialFunctions02/Utility/MakeFloat2.uexp" 57
"../../../Engine/Content/EngineSky/VolumetricClouds/CloudGradientTexture.uasset" 58
"../../../Engine/Content/EngineSky/VolumetricClouds/CloudGradientTexture.uexp" 59
"../../../Engine/Content/EngineSky/VolumetricClouds/T_NoiseShape64.ubulk" 60
"../../../Engine/Content/EngineSky/VolumetricClouds/T_NoiseShape64.uasset" 61
"../../../Engine/Content/EngineSky/VolumetricClouds/T_NoiseShape64.uexp" 62
"../../../Engine/Content/EngineSky/VolumetricClouds/T_VolumeNoiseShape64.uasset" 63
"../../../Engine/Content/EngineSky/VolumetricClouds/T_VolumeNoiseShape64.uexp" 64
"../../../Engine/Content/EngineSky/VolumetricClouds/T_NoiseErosion.ubulk" 65
"../../../Engine/Content/EngineSky/VolumetricClouds/T_NoiseErosion.uasset" 66
"../../../Engine/Content/EngineSky/VolumetricClouds/T_NoiseErosion.uexp" 67
"../../../Engine/Content/EngineSky/VolumetricClouds/T_VolumeNoiseErosion32.uasset" 68
"../../../Engine/Content/EngineSky/VolumetricClouds/T_VolumeNoiseErosion32.uexp" 69
"../../../Engine/Content/EngineSky/VolumetricClouds/m_SimpleVolumetricCloud.uasset" 70
"../../../Engine/Content/EngineSky/VolumetricClouds/m_SimpleVolumetricCloud.uexp" 71
"../../../Engine/Content/EngineSky/VolumetricClouds/m_SimpleVolumetricCloud_Inst.uasset" 72
"../../../Engine/Content/EngineSky/VolumetricClouds/m_SimpleVolumetricCloud_Inst.uexp" 73
"../../../Engine/Content/EngineMaterials/Widget3DPassThrough_Masked_OneSided.uasset" 74
"../../../Engine/Content/EngineMaterials/Widget3DPassThrough_Masked_OneSided.uexp" 75
"../../../Engine/Content/EngineMaterials/Widget3DPassThrough_Masked.uasset" 76
"../../../Engine/Content/EngineMaterials/Widget3DPassThrough_Masked.uexp" 77
"../../../Engine/Content/EngineMaterials/WeightMapPlaceholderTexture.uasset" 78
"../../../Engine/Content/EngineMaterials/WeightMapPlaceholderTexture.uexp" 79
"../../../Engine/Content/EngineMaterials/RemoveSurfaceMaterial.uasset" 80
"../../../Engine/Content/EngineMaterials/RemoveSurfaceMaterial.uexp" 81
"../../../Engine/Content/EngineMaterials/PreintegratedSkinBRDF.uasset" 82
"../../../Engine/Content/EngineMaterials/PreintegratedSkinBRDF.uexp" 83
"../../../Engine/Content/EngineMaterials/DefaultCalibrationGrayscale.uasset" 84
"../../../Engine/Content/EngineMaterials/DefaultCalibrationGrayscale.uexp" 85
"../../../Engine/Content/EngineMaterials/PPM_DefaultCalibrationGrayscale.uasset" 86
"../../../Engine/Content/EngineMaterials/PPM_DefaultCalibrationGrayscale.uexp" 87
"../../../Engine/Content/EngineMaterials/DefaultCalibrationColor.uasset" 88
"../../../Engine/Content/EngineMaterials/DefaultCalibrationColor.uexp" 89
"../../../Engine/Content/EngineMaterials/PPM_DefaultCalibrationColor.uasset" 90
"../../../Engine/Content/EngineMaterials/PPM_DefaultCalibrationColor.uexp" 91
"../../../Engine/Content/Functions/Engine_MaterialFunctions02/WorldPositionOffset/CameraOffset.uasset" 92
"../../../Engine/Content/Functions/Engine_MaterialFunctions02/WorldPositionOffset/CameraOffset.uexp" 93
"../../../Engine/Content/EngineMaterials/PhAT_JointLimitMaterial.uasset" 94
"../../../Engine/Content/EngineMaterials/PhAT_JointLimitMaterial.uexp" 95
"../../../Engine/Content/EngineMaterials/InvalidLightmapSettings.ubulk" 96
"../../../Engine/Content/EngineMaterials/InvalidLightmapSettings.uasset" 97
"../../../Engine/Content/EngineMaterials/InvalidLightmapSettings.uexp" 98
"../../../Engine/Content/EngineMaterials/M_InvalidLightmapSettings.uasset" 99
"../../../Engine/Content/EngineMaterials/M_InvalidLightmapSettings.uexp" 100
"../../../Engine/Content/EngineMaterials/MiniFont.uasset" 101
"../../../Engine/Content/EngineMaterials/MiniFont.uexp" 102
"../../../Engine/Content/EngineMaterials/Good64x64TilingNoiseHighFreq.uasset" 103
"../../../Engine/Content/EngineMaterials/Good64x64TilingNoiseHighFreq.uexp" 104
"../../../Engine/Content/EngineMaterials/GizmoMaterial.uasset" 105
"../../../Engine/Content/EngineMaterials/GizmoMaterial.uexp" 106
"../../../Engine/Content/EngineMaterials/BaseFlattenEmissiveMap_VT.uasset" 107
"../../../Engine/Content/EngineMaterials/BaseFlattenEmissiveMap_VT.uexp" 108
"../../../Engine/Content/EngineMaterials/BaseFlattenGrayscaleMap_VT.uasset" 109
"../../../Engine/Content/EngineMaterials/BaseFlattenGrayscaleMap_VT.uexp" 110
"../../../Engine/Content/EngineMaterials/BaseFlattenLinearColor_VT.uasset" 111
"../../../Engine/Content/EngineMaterials/BaseFlattenLinearColor_VT.uexp" 112
"../../../Engine/Content/EngineMaterials/Black_1x1_EXR_Texture_VT.uasset" 113
"../../../Engine/Content/EngineMaterials/Black_1x1_EXR_Texture_VT.uexp" 114
"../../../Engine/Content/EngineMaterials/BaseFlattenDiffuseMap_VT.uasset" 115
"../../../Engine/Content/EngineMaterials/BaseFlattenDiffuseMap_VT.uexp" 116
"../../../Engine/Content/EngineMaterials/BaseFlattenNormalMap_VT.uasset" 117
"../../../Engine/Content/EngineMaterials/BaseFlattenNormalMap_VT.uexp" 118
"../../../Engine/Content/EngineMaterials/FlattenMaterial_WS_Normal_VT.uasset" 119
"../../../Engine/Content/EngineMaterials/FlattenMaterial_WS_Normal_VT.uexp" 120
"../../../Engine/Content/EngineMaterials/FlattenMaterial_VT.uasset" 121
"../../../Engine/Content/EngineMaterials/FlattenMaterial_VT.uexp" 122
"../../../Engine/Content/EngineMaterials/BaseFlattenNormalMap.uasset" 123
"../../../Engine/Content/EngineMaterials/BaseFlattenNormalMap.uexp" 124
"../../../Engine/Content/EngineMaterials/BaseFlattenGrayscaleMap.uasset" 125
"../../../Engine/Content/EngineMaterials/BaseFlattenGrayscaleMap.uexp" 126
"../../../Engine/Content/EngineMaterials/BaseFlattenDiffuseMap.uasset" 127
"../../../Engine/Content/EngineMaterials/BaseFlattenDiffuseMap.uexp" 128
"../../../Engine/Content/Functions/Engine_MaterialFunctions02/PivotPainter2/Black_1x1_EXR_Texture.uasset" 129
"../../../Engine/Content/Functions/Engine_MaterialFunctions02/PivotPainter2/Black_1x1_EXR_Texture.uexp" 130
"../../../Engine/Content/EngineMaterials/BaseFlattenEmissiveMap.uasset" 131
"../../../Engine/Content/EngineMaterials/BaseFlattenEmissiveMap.uexp" 132
"../../../Engine/Content/EngineMaterials/BaseFlattenLinearColor.uasset" 133
"../../../Engine/Content/EngineMaterials/BaseFlattenLinearColor.uexp" 134
"../../../Engine/Content/EngineMaterials/FlattenMaterial.uasset" 135
"../../../Engine/Content/EngineMaterials/FlattenMaterial.uexp" 136
"../../../Engine/Content/EngineMaterials/DefaultWhiteGrid_Low.uasset" 137
"../../../Engine/Content/EngineMaterials/DefaultWhiteGrid_Low.uexp" 138
"../../../Engine/Content/EngineMaterials/EmissiveMeshMaterial.uasset" 139
"../../../Engine/Content/EngineMaterials/EmissiveMeshMaterial.uexp" 140
"../../../Engine/Content/EngineMaterials/DefaultWhiteGrid.ubulk" 141
"../../../Engine/Content/EngineMaterials/DefaultWhiteGrid.uasset" 142
"../../../Engine/Content/EngineMaterials/DefaultWhiteGrid.uexp" 143
"../../../Engine/Content/EngineFonts/RobotoDistanceField.uasset" 144
"../../../Engine/Content/EngineFonts/RobotoDistanceField.uexp" 145
"../../../Engine/Content/EngineMaterials/DefaultTextMaterialOpaque.uasset" 146
"../../../Engine/Content/EngineMaterials/DefaultTextMaterialOpaque.uexp" 147
"../../../Engine/Content/EngineMaterials/DefaultDiffuse.ubulk" 148
"../../../Engine/Content/EngineMaterials/DefaultDiffuse.uasset" 149
"../../../Engine/Content/EngineMaterials/DefaultDiffuse.uexp" 150
"../../../Engine/Content/Functions/Engine_MaterialFunctions02/Utility/BreakOutFloat2Components.uasset" 151
"../../../Engine/Content/Functions/Engine_MaterialFunctions02/Utility/BreakOutFloat2Components.uexp" 152
"../../../Engine/Content/EngineMaterials/DefaultPostProcessMaterial.uasset" 153
"../../../Engine/Content/EngineMaterials/DefaultPostProcessMaterial.uexp" 154
"../../../Engine/Content/EngineMaterials/DefaultPhysicalMaterial.uasset" 155
"../../../Engine/Content/EngineMaterials/DefaultPhysicalMaterial.uexp" 156
"../../../Engine/Content/EngineMaterials/DefaultLightFunctionMaterial.uasset" 157
"../../../Engine/Content/EngineMaterials/DefaultLightFunctionMaterial.uexp" 158
"../../../Engine/Content/EngineMaterials/DefaultDestructiblePhysicalMaterial.uasset" 159
"../../../Engine/Content/EngineMaterials/DefaultDestructiblePhysicalMaterial.uexp" 160
"../../../Engine/Content/EngineMaterials/DefaultDeferredDecalMaterial.uasset" 161
"../../../Engine/Content/EngineMaterials/DefaultDeferredDecalMaterial.uexp" 162
"../../../Engine/Content/EngineMaterials/DefaultBokeh.uasset" 163
"../../../Engine/Content/EngineMaterials/DefaultBokeh.uexp" 164
"../../../Engine/Content/EngineMaterials/DefaultBloomKernel.uasset" 165
"../../../Engine/Content/EngineMaterials/DefaultBloomKernel.uexp" 166
"../../../Engine/Content/EngineMaterials/BlueNoise.uasset" 167
"../../../Engine/Content/EngineMaterials/BlueNoise.uexp" 168
"../../../Engine/Content/EngineFonts/Faces/RobotoLight.uexp" 169
"../../../Engine/Content/EngineFonts/Faces/RobotoLight.uasset" 170
"../../../Engine/Content/EngineFonts/Faces/RobotoLight.ufont" 171
"../../../Engine/Content/EngineFonts/Faces/RobotoBold.uexp" 172
"../../../Engine/Content/EngineFonts/Faces/RobotoBold.uasset" 173
"../../../Engine/Content/EngineFonts/Faces/RobotoBold.ufont" 174
"../../../Engine/Content/EngineFonts/Faces/RobotoRegular.uexp" 175
"../../../Engine/Content/EngineFonts/Faces/RobotoRegular.uasset" 176
"../../../Engine/Content/EngineFonts/Faces/RobotoRegular.ufont" 177
"../../../Engine/Content/EngineFonts/Faces/DroidSansFallback.uexp" 178
"../../../Engine/Content/EngineFonts/Faces/DroidSansFallback.uasset" 179
"../../../Engine/Content/EngineFonts/Faces/DroidSansFallback.ufont" 180
"../../../Engine/Content/EngineFonts/Faces/RobotoItalic.uexp" 181
"../../../Engine/Content/EngineFonts/Faces/RobotoItalic.uasset" 182
"../../../Engine/Content/EngineFonts/Faces/RobotoItalic.ufont" 183
"../../../Engine/Content/EngineFonts/Faces/RobotoBoldItalic.uexp" 184
"../../../Engine/Content/EngineFonts/Faces/RobotoBoldItalic.uasset" 185
"../../../Engine/Content/EngineFonts/Faces/RobotoBoldItalic.ufont" 186
"../../../Engine/Content/EngineFonts/Roboto.uasset" 187
"../../../Engine/Content/EngineFonts/Roboto.uexp" 188
"../../../Engine/Content/Functions/Engine_MaterialFunctions02/Utility/CameraDirectionVector.uasset" 189
"../../../Engine/Content/Functions/Engine_MaterialFunctions02/Utility/CameraDirectionVector.uexp" 190
"../../../Engine/Content/EngineDebugMaterials/VolumeToRender.uasset" 191
"../../../Engine/Content/EngineDebugMaterials/VolumeToRender.uexp" 192
"../../../Engine/Content/EngineDebugMaterials/M_VolumeRenderSphereTracePP.uasset" 193
"../../../Engine/Content/EngineDebugMaterials/M_VolumeRenderSphereTracePP.uexp" 194
"../../../Engine/Content/EngineDebugMaterials/M_SimpleUnlitTranslucent.uasset" 195
"../../../Engine/Content/EngineDebugMaterials/M_SimpleUnlitTranslucent.uexp" 196
"../../../Engine/Content/EngineDebugMaterials/DebugMeshMaterial.uasset" 197
"../../../Engine/Content/EngineDebugMaterials/DebugMeshMaterial.uexp" 198
"../../../Engine/Content/EngineDebugMaterials/DebugEditorMaterial.uasset" 199
"../../../Engine/Content/EngineDebugMaterials/DebugEditorMaterial.uexp" 200
"../../../Engine/Content/EngineDamageTypes/DmgTypeBP_Environmental.uasset" 201
"../../../Engine/Content/EngineDamageTypes/DmgTypeBP_Environmental.uexp" 202
"../../../Engine/Content/EditorResources/EmptyActor.uasset" 203
"../../../Engine/Content/EditorResources/EmptyActor.uexp" 204
"../../../Engine/Content/EditorResources/BSPVertex.uasset" 205
"../../../Engine/Content/EditorResources/BSPVertex.uexp" 206
"../../../Engine/Content/EditorResources/SequenceRecorder/RecordingIndicator.uasset" 207
"../../../Engine/Content/EditorResources/SequenceRecorder/RecordingIndicator.uexp" 208
"../../../Engine/Content/EditorResources/SequenceRecorder/Countdown.uasset" 209
"../../../Engine/Content/EditorResources/SequenceRecorder/Countdown.uexp" 210
"../../../Engine/Content/EditorMaterials/Camera/CineMat.uasset" 211
"../../../Engine/Content/EditorMaterials/Camera/CineMat.uexp" 212
"../../../Engine/Content/EditorMaterials/Camera/MI_CineMat_Rig.uasset" 213
"../../../Engine/Content/EditorMaterials/Camera/MI_CineMat_Rig.uexp" 214
"../../../Engine/Content/EditorMeshes/Camera/SM_RailRig_Track.ubulk" 215
"../../../Engine/Content/EditorMeshes/Camera/SM_RailRig_Track.uasset" 216
"../../../Engine/Content/EditorMeshes/Camera/SM_RailRig_Track.uexp" 217
"../../../Engine/Content/EditorMeshes/Camera/SM_RailRig_Mount.ubulk" 218
"../../../Engine/Content/EditorMeshes/Camera/SM_RailRig_Mount.uasset" 219
"../../../Engine/Content/EditorMeshes/Camera/SM_RailRig_Mount.uexp" 220
"../../../Engine/Content/EditorMeshes/Camera/SM_CraneRig_Mount.ubulk" 221
"../../../Engine/Content/EditorMeshes/Camera/SM_CraneRig_Mount.uasset" 222
"../../../Engine/Content/EditorMeshes/Camera/SM_CraneRig_Mount.uexp" 223
"../../../Engine/Content/EditorMeshes/Camera/SM_CraneRig_Body.ubulk" 224
"../../../Engine/Content/EditorMeshes/Camera/SM_CraneRig_Body.uasset" 225
"../../../Engine/Content/EditorMeshes/Camera/SM_CraneRig_Body.uexp" 226
"../../../Engine/Content/EditorMeshes/Camera/SM_CraneRig_Base.ubulk" 227
"../../../Engine/Content/EditorMeshes/Camera/SM_CraneRig_Base.uasset" 228
"../../../Engine/Content/EditorMeshes/Camera/SM_CraneRig_Base.uexp" 229
"../../../Engine/Content/EditorMeshes/Camera/SM_CraneRig_Arm.ubulk" 230
"../../../Engine/Content/EditorMeshes/Camera/SM_CraneRig_Arm.uasset" 231
"../../../Engine/Content/EditorMeshes/Camera/SM_CraneRig_Arm.uexp" 232
"../../../Engine/Content/EditorMaterials/PreviewShadowIndicator.ubulk" 233
"../../../Engine/Content/EditorMaterials/PreviewShadowIndicator.uasset" 234
"../../../Engine/Content/EditorMaterials/PreviewShadowIndicator.uexp" 235
"../../../Engine/Content/EditorMaterials/PreviewShadowIndicatorMaterial.uasset" 236
"../../../Engine/Content/EditorMaterials/PreviewShadowIndicatorMaterial.uexp" 237
"../../../Engine/Content/EditorMaterials/MAT_Groups_Visibility.uasset" 238
"../../../Engine/Content/EditorMaterials/MAT_Groups_Visibility.uexp" 239
"../../../Engine/Content/EditorMaterials/MAT_Groups_Toggle.uasset" 240
"../../../Engine/Content/EditorMaterials/MAT_Groups_Toggle.uexp" 241
"../../../Engine/Content/Functions/Engine_MaterialFunctions02/Utility/MakeFloat4.uasset" 242
"../../../Engine/Content/Functions/Engine_MaterialFunctions02/Utility/MakeFloat4.uexp" 243
"../../../Engine/Content/Functions/Engine_MaterialFunctions02/Utility/MakeFloat3.uasset" 244
"../../../Engine/Content/Functions/Engine_MaterialFunctions02/Utility/MakeFloat3.uexp" 245
"../../../Engine/Content/Functions/Engine_MaterialFunctions02/Utility/BreakOutFloat3Components.uasset" 246
"../../../Engine/Content/Functions/Engine_MaterialFunctions02/Utility/BreakOutFloat3Components.uexp" 247
"../../../Engine/Content/EditorMaterials/WorldPartition/WorldPartitionSpatialHashGridPreviewMaterial.uasset" 248
"../../../Engine/Content/EditorMaterials/WorldPartition/WorldPartitionSpatialHashGridPreviewMaterial.uexp" 249
"../../../Engine/Content/EditorMaterials/ParticleSystems/PSysThumbnail_OOD.ubulk" 250
"../../../Engine/Content/EditorMaterials/ParticleSystems/PSysThumbnail_OOD.uasset" 251
"../../../Engine/Content/EditorMaterials/ParticleSystems/PSysThumbnail_OOD.uexp" 252
"../../../Engine/Content/EditorMaterials/ParticleSystems/PSysThumbnail_NoImage.ubulk" 253
"../../../Engine/Content/EditorMaterials/ParticleSystems/PSysThumbnail_NoImage.uasset" 254
"../../../Engine/Content/EditorMaterials/ParticleSystems/PSysThumbnail_NoImage.uexp" 255
"../../../Engine/Content/EditorMaterials/MatineeGroups/MAT_Groups_Vector.uasset" 256
"../../../Engine/Content/EditorMaterials/MatineeGroups/MAT_Groups_Vector.uexp" 257
"../../../Engine/Content/EditorMaterials/MatineeGroups/MAT_Groups_Sound.uasset" 258
"../../../Engine/Content/EditorMaterials/MatineeGroups/MAT_Groups_Sound.uexp" 259
"../../../Engine/Content/EditorMaterials/MatineeGroups/MAT_Groups_Slomo.uasset" 260
"../../../Engine/Content/EditorMaterials/MatineeGroups/MAT_Groups_Slomo.uexp" 261
"../../../Engine/Content/EditorMaterials/MatineeGroups/MAT_Groups_Move.uasset" 262
"../../../Engine/Content/EditorMaterials/MatineeGroups/MAT_Groups_Move.uexp" 263
"../../../Engine/Content/EditorMaterials/MatineeGroups/MAT_Groups_Float.uasset" 264
"../../../Engine/Content/EditorMaterials/MatineeGroups/MAT_Groups_Float.uexp" 265
"../../../Engine/Content/EditorMaterials/MatineeGroups/MAT_Groups_Fade.uasset" 266
"../../../Engine/Content/EditorMaterials/MatineeGroups/MAT_Groups_Fade.uexp" 267
"../../../Engine/Content/EditorMaterials/MatineeGroups/MAT_Groups_Event.uasset" 268
"../../../Engine/Content/EditorMaterials/MatineeGroups/MAT_Groups_Event.uexp" 269
"../../../Engine/Content/EditorMaterials/MatineeGroups/MAT_Groups_Director.uasset" 270
"../../../Engine/Content/EditorMaterials/MatineeGroups/MAT_Groups_Director.uexp" 271
"../../../Engine/Content/EditorMaterials/MatineeGroups/MAT_Groups_AudioMaster.uasset" 272
"../../../Engine/Content/EditorMaterials/MatineeGroups/MAT_Groups_AudioMaster.uexp" 273
"../../../Engine/Content/EditorMaterials/MatineeGroups/MAT_Groups_Anim.uasset" 274
"../../../Engine/Content/EditorMaterials/MatineeGroups/MAT_Groups_Anim.uexp" 275
"../../../Engine/Content/EditorMaterials/MatineeGroups/MAT_ColorTrack.uasset" 276
"../../../Engine/Content/EditorMaterials/MatineeGroups/MAT_ColorTrack.uexp" 277
"../../../Engine/Content/EditorLandscapeResources/DefaultAlphaTexture.uasset" 278
"../../../Engine/Content/EditorLandscapeResources/DefaultAlphaTexture.uexp" 279
"../../../Engine/Content/EditorLandscapeResources/DataLayer.uasset" 280
"../../../Engine/Content/EditorLandscapeResources/DataLayer.uexp" 281
"../../../Engine/Content/EngineMaterials/T_Default_Material_Grid_M.ubulk" 282
"../../../Engine/Content/EngineMaterials/T_Default_Material_Grid_M.uasset" 283
"../../../Engine/Content/EngineMaterials/T_Default_Material_Grid_M.uexp" 284
"../../../Engine/Content/EngineMaterials/T_Default_Material_Grid_N.ubulk" 285
"../../../Engine/Content/EngineMaterials/T_Default_Material_Grid_N.uasset" 286
"../../../Engine/Content/EngineMaterials/T_Default_Material_Grid_N.uexp" 287
"../../../Engine/Content/Functions/Engine_MaterialFunctions01/Opacity/CameraDepthFade.uasset" 288
"../../../Engine/Content/Functions/Engine_MaterialFunctions01/Opacity/CameraDepthFade.uexp" 289
"../../../Engine/Content/EngineMaterials/DefaultMaterial.uasset" 290
"../../../Engine/Content/EngineMaterials/DefaultMaterial.uexp" 291
"../../../Engine/Content/BasicShapes/Sphere.ubulk" 292
"../../../Engine/Content/BasicShapes/Sphere.uasset" 293
"../../../Engine/Content/BasicShapes/Sphere.uexp" 294
"../../../Engine/Content/EngineMaterials/WorldGridMaterial.uasset" 295
"../../../Engine/Content/EngineMaterials/WorldGridMaterial.uexp" 296
"../../../Engine/Content/BasicShapes/Plane.ubulk" 297
"../../../Engine/Content/BasicShapes/Plane.uasset" 298
"../../../Engine/Content/BasicShapes/Plane.uexp" 299
"../../../Engine/Content/BasicShapes/Cylinder.ubulk" 300
"../../../Engine/Content/BasicShapes/Cylinder.uasset" 301
"../../../Engine/Content/BasicShapes/Cylinder.uexp" 302
"../../../Engine/Content/BasicShapes/Cube.ubulk" 303
"../../../Engine/Content/BasicShapes/Cube.uasset" 304
"../../../Engine/Content/BasicShapes/Cube.uexp" 305
"../../../Engine/Content/BasicShapes/Cone.ubulk" 306
"../../../Engine/Content/BasicShapes/Cone.uasset" 307
"../../../Engine/Content/BasicShapes/Cone.uexp" 308
"../../../Engine/Content/ArtTools/RenderToTexture/Meshes/S_1_Unit_Plane.ubulk" 309
"../../../Engine/Content/ArtTools/RenderToTexture/Meshes/S_1_Unit_Plane.uasset" 310
"../../../Engine/Content/ArtTools/RenderToTexture/Meshes/S_1_Unit_Plane.uexp" 311
"../../../Engine/Content/Animation/DefaultAnimCurveCompressionSettings.uasset" 312
"../../../Engine/Content/Animation/DefaultAnimCurveCompressionSettings.uexp" 313
"../../../Engine/Content/Animation/DefaultAnimBoneCompressionSettings.uasset" 314
"../../../Engine/Content/Animation/DefaultAnimBoneCompressionSettings.uexp" 315
"F:/UnrealEngine/Projects/MultiPlayerGame/Content/Mannequin/Character/Mesh/UE4_Mannequin_Skeleton.uasset" 316
"F:/UnrealEngine/Projects/MultiPlayerGame/Content/Mannequin/Character/Mesh/UE4_Mannequin_Skeleton.uexp" 317
"F:/UnrealEngine/Projects/MultiPlayerGame/Content/Mannequin/Animations/ThirdPersonWalk.uasset" 318
"F:/UnrealEngine/Projects/MultiPlayerGame/Content/Mannequin/Animations/ThirdPersonWalk.uexp" 319
"F:/UnrealEngine/Projects/MultiPlayerGame/Content/Mannequin/Animations/ThirdPersonRun.uasset" 320
"F:/UnrealEngine/Projects/MultiPlayerGame/Content/Mannequin/Animations/ThirdPersonRun.uexp" 321
"F:/UnrealEngine/Projects/MultiPlayerGame/Content/Mannequin/Animations/ThirdPersonJump_Start.uasset" 322
"F:/UnrealEngine/Projects/MultiPlayerGame/Content/Mannequin/Animations/ThirdPersonJump_Start.uexp" 323
"F:/UnrealEngine/Projects/MultiPlayerGame/Content/Mannequin/Animations/ThirdPersonJump_Loop.uasset" 324
"F:/UnrealEngine/Projects/MultiPlayerGame/Content/Mannequin/Animations/ThirdPersonJump_Loop.uexp" 325
"F:/UnrealEngine/Projects/MultiPlayerGame/Content/Mannequin/Animations/ThirdPersonJump_End.uasset" 326
"F:/UnrealEngine/Projects/MultiPlayerGame/Content/Mannequin/Animations/ThirdPersonJump_End.uexp" 327
"F:/UnrealEngine/Projects/MultiPlayerGame/Content/Mannequin/Animations/ThirdPersonIdle.uasset" 328
"F:/UnrealEngine/Projects/MultiPlayerGame/Content/Mannequin/Animations/ThirdPersonIdle.uexp" 329
"F:/UnrealEngine/Projects/MultiPlayerGame/Content/Mannequin/Animations/ThirdPerson_AnimBP.uasset" 330
"F:/UnrealEngine/Projects/MultiPlayerGame/Content/Mannequin/Animations/ThirdPerson_AnimBP.uexp" 331
"F:/UnrealEngine/Projects/MultiPlayerGame/Content/Mannequin/Character/Mesh/SK_Mannequin_PhysicsAsset.uasset" 332
"F:/UnrealEngine/Projects/MultiPlayerGame/Content/Mannequin/Character/Mesh/SK_Mannequin_PhysicsAsset.uexp" 333
"F:/UnrealEngine/Projects/MultiPlayerGame/Content/Mannequin/Character/Textures/T_UE4Logo_N.ubulk" 334
"F:/UnrealEngine/Projects/MultiPlayerGame/Content/Mannequin/Character/Textures/T_UE4Logo_N.uasset" 335
"F:/UnrealEngine/Projects/MultiPlayerGame/Content/Mannequin/Character/Textures/T_UE4Logo_N.uexp" 336
"F:/UnrealEngine/Projects/MultiPlayerGame/Content/Mannequin/Character/Textures/T_UE4Logo_Mask.ubulk" 337
"F:/UnrealEngine/Projects/MultiPlayerGame/Content/Mannequin/Character/Textures/T_UE4Logo_Mask.uasset" 338
"F:/UnrealEngine/Projects/MultiPlayerGame/Content/Mannequin/Character/Textures/T_UE4Logo_Mask.uexp" 339
"F:/UnrealEngine/Projects/MultiPlayerGame/Content/Mannequin/Character/Textures/T_Male_N.ubulk" 340
"F:/UnrealEngine/Projects/MultiPlayerGame/Content/Mannequin/Character/Textures/T_Male_N.uasset" 341
"F:/UnrealEngine/Projects/MultiPlayerGame/Content/Mannequin/Character/Textures/T_Male_N.uexp" 342
"F:/UnrealEngine/Projects/MultiPlayerGame/Content/Mannequin/Character/Textures/T_Male_Mask.ubulk" 343
"F:/UnrealEngine/Projects/MultiPlayerGame/Content/Mannequin/Character/Textures/T_Male_Mask.uasset" 344
"F:/UnrealEngine/Projects/MultiPlayerGame/Content/Mannequin/Character/Textures/T_Male_Mask.uexp" 345
"../../../Engine/Content/Functions/Engine_MaterialFunctions02/Utility/BlendAngleCorrectedNormals.uasset" 346
"../../../Engine/Content/Functions/Engine_MaterialFunctions02/Utility/BlendAngleCorrectedNormals.uexp" 347
"../../../Engine/Content/Functions/MaterialLayerFunctions/MatLayerBlend_NormalBlend.uasset" 348
"../../../Engine/Content/Functions/MaterialLayerFunctions/MatLayerBlend_NormalBlend.uexp" 349
"../../../Engine/Content/Functions/MaterialLayerFunctions/MatLayerBlend_Simple.uasset" 350
"../../../Engine/Content/Functions/MaterialLayerFunctions/MatLayerBlend_Simple.uexp" 351
"F:/UnrealEngine/Projects/MultiPlayerGame/Content/Mannequin/Character/Materials/MaterialLayers/T_ML_Rubber_Blue_01_N.ubulk" 352
"F:/UnrealEngine/Projects/MultiPlayerGame/Content/Mannequin/Character/Materials/MaterialLayers/T_ML_Rubber_Blue_01_N.uasset" 353
"F:/UnrealEngine/Projects/MultiPlayerGame/Content/Mannequin/Character/Materials/MaterialLayers/T_ML_Rubber_Blue_01_N.uexp" 354
"F:/UnrealEngine/Projects/MultiPlayerGame/Content/Mannequin/Character/Materials/MaterialLayers/T_ML_Rubber_Blue_01_D.ubulk" 355
"F:/UnrealEngine/Projects/MultiPlayerGame/Content/Mannequin/Character/Materials/MaterialLayers/T_ML_Rubber_Blue_01_D.uasset" 356
"F:/UnrealEngine/Projects/MultiPlayerGame/Content/Mannequin/Character/Materials/MaterialLayers/T_ML_Rubber_Blue_01_D.uexp" 357
"F:/UnrealEngine/Projects/MultiPlayerGame/Content/Mannequin/Character/Materials/MaterialLayers/T_ML_Aluminum01_N.ubulk" 358
"F:/UnrealEngine/Projects/MultiPlayerGame/Content/Mannequin/Character/Materials/MaterialLayers/T_ML_Aluminum01_N.uasset" 359
"F:/UnrealEngine/Projects/MultiPlayerGame/Content/Mannequin/Character/Materials/MaterialLayers/T_ML_Aluminum01_N.uexp" 360
"F:/UnrealEngine/Projects/MultiPlayerGame/Content/Mannequin/Character/Materials/MaterialLayers/T_ML_Aluminum01.ubulk" 361
"F:/UnrealEngine/Projects/MultiPlayerGame/Content/Mannequin/Character/Materials/MaterialLayers/T_ML_Aluminum01.uasset" 362
"F:/UnrealEngine/Projects/MultiPlayerGame/Content/Mannequin/Character/Materials/MaterialLayers/T_ML_Aluminum01.uexp" 363
"F:/UnrealEngine/Projects/MultiPlayerGame/Content/Mannequin/Character/Materials/MaterialLayers/ML_SoftMetal_UE4.uasset" 364
"F:/UnrealEngine/Projects/MultiPlayerGame/Content/Mannequin/Character/Materials/MaterialLayers/ML_SoftMetal_UE4.uexp" 365
"F:/UnrealEngine/Projects/MultiPlayerGame/Content/Mannequin/Character/Materials/MaterialLayers/ML_Plastic_Shiny_Beige_LOGO.uasset" 366
"F:/UnrealEngine/Projects/MultiPlayerGame/Content/Mannequin/Character/Materials/MaterialLayers/ML_Plastic_Shiny_Beige_LOGO.uexp" 367
"F:/UnrealEngine/Projects/MultiPlayerGame/Content/Mannequin/Character/Materials/MaterialLayers/ML_Plastic_Shiny_Beige.uasset" 368
"F:/UnrealEngine/Projects/MultiPlayerGame/Content/Mannequin/Character/Materials/MaterialLayers/ML_Plastic_Shiny_Beige.uexp" 369
"F:/UnrealEngine/Projects/MultiPlayerGame/Content/Mannequin/Character/Materials/MaterialLayers/ML_GlossyBlack_Latex_UE4.uasset" 370
"F:/UnrealEngine/Projects/MultiPlayerGame/Content/Mannequin/Character/Materials/MaterialLayers/ML_GlossyBlack_Latex_UE4.uexp" 371
"F:/UnrealEngine/Projects/MultiPlayerGame/Content/Mannequin/Character/Materials/M_Male_Body.uasset" 372
"F:/UnrealEngine/Projects/MultiPlayerGame/Content/Mannequin/Character/Materials/M_Male_Body.uexp" 373
"F:/UnrealEngine/Projects/MultiPlayerGame/Content/Mannequin/Character/Materials/M_UE4Man_ChestLogo.uasset" 374
"F:/UnrealEngine/Projects/MultiPlayerGame/Content/Mannequin/Character/Materials/M_UE4Man_ChestLogo.uexp" 375
"F:/UnrealEngine/Projects/MultiPlayerGame/Content/Mannequin/Character/Mesh/SK_Mannequin.uasset" 376
"F:/UnrealEngine/Projects/MultiPlayerGame/Content/Mannequin/Character/Mesh/SK_Mannequin.uexp" 377
"F:/UnrealEngine/Projects/MultiPlayerGame/Content/ThirdPerson/Blueprints/BP_ThirdPersonCharacter.uasset" 378
"F:/UnrealEngine/Projects/MultiPlayerGame/Content/ThirdPerson/Blueprints/BP_ThirdPersonCharacter.uexp" 379
"F:/UnrealEngine/Projects/MultiPlayerGame/Content/ThirdPerson/Blueprints/BP_ThirdPersonGameMode.uasset" 380
"F:/UnrealEngine/Projects/MultiPlayerGame/Content/ThirdPerson/Blueprints/BP_ThirdPersonGameMode.uexp" 381
"../../../Engine/Content/MobileResources/HUD/VirtualJoystick_Background.uasset" 382
"../../../Engine/Content/MobileResources/HUD/VirtualJoystick_Background.uexp" 383
"../../../Engine/Content/MobileResources/HUD/VirtualJoystick_Thumb.uasset" 384
"../../../Engine/Content/MobileResources/HUD/VirtualJoystick_Thumb.uexp" 385
"../../../Engine/Content/MobileResources/HUD/DefaultVirtualJoysticks.uasset" 386
"../../../Engine/Content/MobileResources/HUD/DefaultVirtualJoysticks.uexp" 387
"../../../Engine/Content/VREditor/TransformGizmo/Main.uasset" 388
"../../../Engine/Content/VREditor/TransformGizmo/Main.uexp" 389
"../../../Engine/Content/VREditor/TransformGizmo/Xray.uasset" 390
"../../../Engine/Content/VREditor/TransformGizmo/Xray.uexp" 391
"../../../Engine/Content/VREditor/TransformGizmo/SM_Sequencer_Node.ubulk" 392
"../../../Engine/Content/VREditor/TransformGizmo/SM_Sequencer_Node.uasset" 393
"../../../Engine/Content/VREditor/TransformGizmo/SM_Sequencer_Node.uexp" 394
"../../../Engine/Content/VREditor/LaserPointer/VR_LaserPower_01.ubulk" 395
"../../../Engine/Content/VREditor/LaserPointer/VR_LaserPower_01.uasset" 396
"../../../Engine/Content/VREditor/LaserPointer/VR_LaserPower_01.uexp" 397
"../../../Engine/Content/VREditor/TransformGizmo/TransformGizmoMaterial.uasset" 398
"../../../Engine/Content/VREditor/TransformGizmo/TransformGizmoMaterial.uexp" 399
"../../../Engine/Content/VREditor/TransformGizmo/TranslucentTransformGizmoMaterial.uasset" 400
"../../../Engine/Content/VREditor/TransformGizmo/TranslucentTransformGizmoMaterial.uexp" 401
"../../../Engine/Content/VREditor/TransformGizmo/PlaneTranslationHandle.ubulk" 402
"../../../Engine/Content/VREditor/TransformGizmo/PlaneTranslationHandle.uasset" 403
"../../../Engine/Content/VREditor/TransformGizmo/PlaneTranslationHandle.uexp" 404
"../../../Engine/Content/VREditor/TransformGizmo/BoundingBoxEdge.ubulk" 405
"../../../Engine/Content/VREditor/TransformGizmo/BoundingBoxEdge.uasset" 406
"../../../Engine/Content/VREditor/TransformGizmo/BoundingBoxEdge.uexp" 407
"../../../Engine/Content/VREditor/TransformGizmo/BoundingBoxCorner.ubulk" 408
"../../../Engine/Content/VREditor/TransformGizmo/BoundingBoxCorner.uasset" 409
"../../../Engine/Content/VREditor/TransformGizmo/BoundingBoxCorner.uexp" 410
"../../../Engine/Plugins/2D/Paper2D/Content/PlaceholderTextures/DummySpriteTexture.ubulk" 411
"../../../Engine/Plugins/2D/Paper2D/Content/PlaceholderTextures/DummySpriteTexture.uasset" 412
"../../../Engine/Plugins/2D/Paper2D/Content/PlaceholderTextures/DummySpriteTexture.uexp" 413
"../../../Engine/Plugins/2D/Paper2D/Content/DefaultSpriteMaterial.uasset" 414
"../../../Engine/Plugins/2D/Paper2D/Content/DefaultSpriteMaterial.uexp" 415
"../../../Engine/Plugins/2D/Paper2D/Content/OpaqueUnlitSpriteMaterial.uasset" 416
"../../../Engine/Plugins/2D/Paper2D/Content/OpaqueUnlitSpriteMaterial.uexp" 417
"../../../Engine/Plugins/2D/Paper2D/Content/MaskedUnlitSpriteMaterial.uasset" 418
"../../../Engine/Plugins/2D/Paper2D/Content/MaskedUnlitSpriteMaterial.uexp" 419
"../../../Engine/Plugins/2D/Paper2D/Content/DummySprite.uasset" 420
"../../../Engine/Plugins/2D/Paper2D/Content/DummySprite.uexp" 421
"../../../Engine/Plugins/2D/Paper2D/Content/DefaultPaperTerrainMaterial.uasset" 422
"../../../Engine/Plugins/2D/Paper2D/Content/DefaultPaperTerrainMaterial.uexp" 423
"../../../Engine/Content/Tutorial/ContentIntroCurve.uasset" 424
"../../../Engine/Content/Tutorial/ContentIntroCurve.uexp" 425
"../../../Engine/Plugins/Animation/ControlRig/Content/M_Manip.uasset" 426
"../../../Engine/Plugins/Animation/ControlRig/Content/M_Manip.uexp" 427
"../../../Engine/Plugins/Animation/ControlRig/Content/Controls/DefaultGizmoLibraryNormalized.uasset" 428
"../../../Engine/Plugins/Animation/ControlRig/Content/Controls/DefaultGizmoLibraryNormalized.uexp" 429
"../../../Engine/Plugins/Animation/ControlRig/Content/Controls/ControlRig_Wedge_solid.ubulk" 430
"../../../Engine/Plugins/Animation/ControlRig/Content/Controls/ControlRig_Wedge_solid.uasset" 431
"../../../Engine/Plugins/Animation/ControlRig/Content/Controls/ControlRig_Wedge_solid.uexp" 432
"../../../Engine/Plugins/Animation/ControlRig/Content/Controls/ControlRig_Wedge_3mm.ubulk" 433
"../../../Engine/Plugins/Animation/ControlRig/Content/Controls/ControlRig_Wedge_3mm.uasset" 434
"../../../Engine/Plugins/Animation/ControlRig/Content/Controls/ControlRig_Wedge_3mm.uexp" 435
"../../../Engine/Plugins/Animation/ControlRig/Content/Controls/ControlRig_Wedge_1mm.ubulk" 436
"../../../Engine/Plugins/Animation/ControlRig/Content/Controls/ControlRig_Wedge_1mm.uasset" 437
"../../../Engine/Plugins/Animation/ControlRig/Content/Controls/ControlRig_Wedge_1mm.uexp" 438
"../../../Engine/Plugins/Animation/ControlRig/Content/Controls/ControlRig_Triangle_solid.ubulk" 439
"../../../Engine/Plugins/Animation/ControlRig/Content/Controls/ControlRig_Triangle_solid.uasset" 440
"../../../Engine/Plugins/Animation/ControlRig/Content/Controls/ControlRig_Triangle_solid.uexp" 441
"../../../Engine/Plugins/Animation/ControlRig/Content/Controls/ControlRig_Triangle_3mm.ubulk" 442
"../../../Engine/Plugins/Animation/ControlRig/Content/Controls/ControlRig_Triangle_3mm.uasset" 443
"../../../Engine/Plugins/Animation/ControlRig/Content/Controls/ControlRig_Triangle_3mm.uexp" 444
"../../../Engine/Plugins/Animation/ControlRig/Content/Controls/ControlRig_Triangle_1mm.ubulk" 445
"../../../Engine/Plugins/Animation/ControlRig/Content/Controls/ControlRig_Triangle_1mm.uasset" 446
"../../../Engine/Plugins/Animation/ControlRig/Content/Controls/ControlRig_Triangle_1mm.uexp" 447
"../../../Engine/Plugins/Animation/ControlRig/Content/Controls/ControlRig_Star4_solid.ubulk" 448
"../../../Engine/Plugins/Animation/ControlRig/Content/Controls/ControlRig_Star4_solid.uasset" 449
"../../../Engine/Plugins/Animation/ControlRig/Content/Controls/ControlRig_Star4_solid.uexp" 450
"../../../Engine/Plugins/Animation/ControlRig/Content/Controls/ControlRig_Star4_3mm.ubulk" 451
"../../../Engine/Plugins/Animation/ControlRig/Content/Controls/ControlRig_Star4_3mm.uasset" 452
"../../../Engine/Plugins/Animation/ControlRig/Content/Controls/ControlRig_Star4_3mm.uexp" 453
"../../../Engine/Plugins/Animation/ControlRig/Content/Controls/ControlRig_Star4_1mm.ubulk" 454
"../../../Engine/Plugins/Animation/ControlRig/Content/Controls/ControlRig_Star4_1mm.uasset" 455
"../../../Engine/Plugins/Animation/ControlRig/Content/Controls/ControlRig_Star4_1mm.uexp" 456
"../../../Engine/Plugins/Animation/ControlRig/Content/Controls/ControlRig_Square_solid.ubulk" 457
"../../../Engine/Plugins/Animation/ControlRig/Content/Controls/ControlRig_Square_solid.uasset" 458
"../../../Engine/Plugins/Animation/ControlRig/Content/Controls/ControlRig_Square_solid.uexp" 459
"../../../Engine/Plugins/Animation/ControlRig/Content/Controls/ControlRig_Square_3mm.ubulk" 460
"../../../Engine/Plugins/Animation/ControlRig/Content/Controls/ControlRig_Square_3mm.uasset" 461
"../../../Engine/Plugins/Animation/ControlRig/Content/Controls/ControlRig_Square_3mm.uexp" 462
"../../../Engine/Plugins/Animation/ControlRig/Content/Controls/ControlRig_Square_1mm.ubulk" 463
"../../../Engine/Plugins/Animation/ControlRig/Content/Controls/ControlRig_Square_1mm.uasset" 464
"../../../Engine/Plugins/Animation/ControlRig/Content/Controls/ControlRig_Square_1mm.uexp" 465
"../../../Engine/Plugins/Animation/ControlRig/Content/Controls/ControlRig_Sphere_solid.ubulk" 466
"../../../Engine/Plugins/Animation/ControlRig/Content/Controls/ControlRig_Sphere_solid.uasset" 467
"../../../Engine/Plugins/Animation/ControlRig/Content/Controls/ControlRig_Sphere_solid.uexp" 468
"../../../Engine/Plugins/Animation/ControlRig/Content/Controls/ControlRig_Sphere_3mm.ubulk" 469
"../../../Engine/Plugins/Animation/ControlRig/Content/Controls/ControlRig_Sphere_3mm.uasset" 470
"../../../Engine/Plugins/Animation/ControlRig/Content/Controls/ControlRig_Sphere_3mm.uexp" 471
"../../../Engine/Plugins/Animation/ControlRig/Content/Controls/ControlRig_Sphere_1mm.ubulk" 472
"../../../Engine/Plugins/Animation/ControlRig/Content/Controls/ControlRig_Sphere_1mm.uasset" 473
"../../../Engine/Plugins/Animation/ControlRig/Content/Controls/ControlRig_Sphere_1mm.uexp" 474
"../../../Engine/Plugins/Animation/ControlRig/Content/Controls/ControlRig_RoundedTriangle_solid.ubulk" 475
"../../../Engine/Plugins/Animation/ControlRig/Content/Controls/ControlRig_RoundedTriangle_solid.uasset" 476
"../../../Engine/Plugins/Animation/ControlRig/Content/Controls/ControlRig_RoundedTriangle_solid.uexp" 477
"../../../Engine/Plugins/Animation/ControlRig/Content/Controls/ControlRig_RoundedTriangle_3mm.ubulk" 478
"../../../Engine/Plugins/Animation/ControlRig/Content/Controls/ControlRig_RoundedTriangle_3mm.uasset" 479
"../../../Engine/Plugins/Animation/ControlRig/Content/Controls/ControlRig_RoundedTriangle_3mm.uexp" 480
"../../../Engine/Plugins/Animation/ControlRig/Content/Controls/ControlRig_RoundedTriangle_1mm.ubulk" 481
"../../../Engine/Plugins/Animation/ControlRig/Content/Controls/ControlRig_RoundedTriangle_1mm.uasset" 482
"../../../Engine/Plugins/Animation/ControlRig/Content/Controls/ControlRig_RoundedTriangle_1mm.uexp" 483
"../../../Engine/Plugins/Animation/ControlRig/Content/Controls/ControlRig_RoundedSquare_solid.ubulk" 484
"../../../Engine/Plugins/Animation/ControlRig/Content/Controls/ControlRig_RoundedSquare_solid.uasset" 485
"../../../Engine/Plugins/Animation/ControlRig/Content/Controls/ControlRig_RoundedSquare_solid.uexp" 486
"../../../Engine/Plugins/Animation/ControlRig/Content/Controls/ControlRig_RoundedSquare_3mm.ubulk" 487
"../../../Engine/Plugins/Animation/ControlRig/Content/Controls/ControlRig_RoundedSquare_3mm.uasset" 488
"../../../Engine/Plugins/Animation/ControlRig/Content/Controls/ControlRig_RoundedSquare_3mm.uexp" 489
"../../../Engine/Plugins/Animation/ControlRig/Content/Controls/ControlRig_RoundedSquare_1mm.ubulk" 490
"../../../Engine/Plugins/Animation/ControlRig/Content/Controls/ControlRig_RoundedSquare_1mm.uasset" 491
"../../../Engine/Plugins/Animation/ControlRig/Content/Controls/ControlRig_RoundedSquare_1mm.uexp" 492
"../../../Engine/Plugins/Animation/ControlRig/Content/Controls/ControlRig_QuarterCircle_solid.ubulk" 493
"../../../Engine/Plugins/Animation/ControlRig/Content/Controls/ControlRig_QuarterCircle_solid.uasset" 494
"../../../Engine/Plugins/Animation/ControlRig/Content/Controls/ControlRig_QuarterCircle_solid.uexp" 495
"../../../Engine/Plugins/Animation/ControlRig/Content/Controls/ControlRig_QuarterCircle_3mm.ubulk" 496
"../../../Engine/Plugins/Animation/ControlRig/Content/Controls/ControlRig_QuarterCircle_3mm.uasset" 497
"../../../Engine/Plugins/Animation/ControlRig/Content/Controls/ControlRig_QuarterCircle_3mm.uexp" 498
"../../../Engine/Plugins/Animation/ControlRig/Content/Controls/ControlRig_QuarterCircle_1mm.ubulk" 499
"../../../Engine/Plugins/Animation/ControlRig/Content/Controls/ControlRig_QuarterCircle_1mm.uasset" 500
"../../../Engine/Plugins/Animation/ControlRig/Content/Controls/ControlRig_QuarterCircle_1mm.uexp" 501
"../../../Engine/Plugins/Animation/ControlRig/Content/Controls/ControlRig_Pyramid_solid.ubulk" 502
"../../../Engine/Plugins/Animation/ControlRig/Content/Controls/ControlRig_Pyramid_solid.uasset" 503
"../../../Engine/Plugins/Animation/ControlRig/Content/Controls/ControlRig_Pyramid_solid.uexp" 504
"../../../Engine/Plugins/Animation/ControlRig/Content/Controls/ControlRig_Pyramid_3mm.ubulk" 505
"../../../Engine/Plugins/Animation/ControlRig/Content/Controls/ControlRig_Pyramid_3mm.uasset" 506
"../../../Engine/Plugins/Animation/ControlRig/Content/Controls/ControlRig_Pyramid_3mm.uexp" 507
"../../../Engine/Plugins/Animation/ControlRig/Content/Controls/ControlRig_Pyramid_1mm.ubulk" 508
"../../../Engine/Plugins/Animation/ControlRig/Content/Controls/ControlRig_Pyramid_1mm.uasset" 509
"../../../Engine/Plugins/Animation/ControlRig/Content/Controls/ControlRig_Pyramid_1mm.uexp" 510
"../../../Engine/Plugins/Animation/ControlRig/Content/Controls/ControlRig_Octagon_solid.ubulk" 511
"../../../Engine/Plugins/Animation/ControlRig/Content/Controls/ControlRig_Octagon_solid.uasset" 512
"../../../Engine/Plugins/Animation/ControlRig/Content/Controls/ControlRig_Octagon_solid.uexp" 513
"../../../Engine/Plugins/Animation/ControlRig/Content/Controls/ControlRig_Octagon_3mm.ubulk" 514
"../../../Engine/Plugins/Animation/ControlRig/Content/Controls/ControlRig_Octagon_3mm.uasset" 515
"../../../Engine/Plugins/Animation/ControlRig/Content/Controls/ControlRig_Octagon_3mm.uexp" 516
"../../../Engine/Plugins/Animation/ControlRig/Content/Controls/ControlRig_Octagon_1mm.ubulk" 517
"../../../Engine/Plugins/Animation/ControlRig/Content/Controls/ControlRig_Octagon_1mm.uasset" 518
"../../../Engine/Plugins/Animation/ControlRig/Content/Controls/ControlRig_Octagon_1mm.uexp" 519
"../../../Engine/Plugins/Animation/ControlRig/Content/Controls/ControlRig_Hexagon_solid.ubulk" 520
"../../../Engine/Plugins/Animation/ControlRig/Content/Controls/ControlRig_Hexagon_solid.uasset" 521
"../../../Engine/Plugins/Animation/ControlRig/Content/Controls/ControlRig_Hexagon_solid.uexp" 522
"../../../Engine/Plugins/Animation/ControlRig/Content/Controls/ControlRig_Hexagon_3mm.ubulk" 523
"../../../Engine/Plugins/Animation/ControlRig/Content/Controls/ControlRig_Hexagon_3mm.uasset" 524
"../../../Engine/Plugins/Animation/ControlRig/Content/Controls/ControlRig_Hexagon_3mm.uexp" 525
"../../../Engine/Plugins/Animation/ControlRig/Content/Controls/ControlRig_Hexagon_1mm.ubulk" 526
"../../../Engine/Plugins/Animation/ControlRig/Content/Controls/ControlRig_Hexagon_1mm.uasset" 527
"../../../Engine/Plugins/Animation/ControlRig/Content/Controls/ControlRig_Hexagon_1mm.uexp" 528
"../../../Engine/Plugins/Animation/ControlRig/Content/Controls/ControlRig_HalfCircle_solid.ubulk" 529
"../../../Engine/Plugins/Animation/ControlRig/Content/Controls/ControlRig_HalfCircle_solid.uasset" 530
"../../../Engine/Plugins/Animation/ControlRig/Content/Controls/ControlRig_HalfCircle_solid.uexp" 531
"../../../Engine/Plugins/Animation/ControlRig/Content/Controls/ControlRig_HalfCircle_3mm.ubulk" 532
"../../../Engine/Plugins/Animation/ControlRig/Content/Controls/ControlRig_HalfCircle_3mm.uasset" 533
"../../../Engine/Plugins/Animation/ControlRig/Content/Controls/ControlRig_HalfCircle_3mm.uexp" 534
"../../../Engine/Plugins/Animation/ControlRig/Content/Controls/ControlRig_HalfCircle_1mm.ubulk" 535
"../../../Engine/Plugins/Animation/ControlRig/Content/Controls/ControlRig_HalfCircle_1mm.uasset" 536
"../../../Engine/Plugins/Animation/ControlRig/Content/Controls/ControlRig_HalfCircle_1mm.uexp" 537
"../../../Engine/Plugins/Animation/ControlRig/Content/Controls/ControlRig_Diamond_solid.ubulk" 538
"../../../Engine/Plugins/Animation/ControlRig/Content/Controls/ControlRig_Diamond_solid.uasset" 539
"../../../Engine/Plugins/Animation/ControlRig/Content/Controls/ControlRig_Diamond_solid.uexp" 540
"../../../Engine/Plugins/Animation/ControlRig/Content/Controls/ControlRig_Diamond_3mm.ubulk" 541
"../../../Engine/Plugins/Animation/ControlRig/Content/Controls/ControlRig_Diamond_3mm.uasset" 542
"../../../Engine/Plugins/Animation/ControlRig/Content/Controls/ControlRig_Diamond_3mm.uexp" 543
"../../../Engine/Plugins/Animation/ControlRig/Content/Controls/ControlRig_Diamond_1mm.ubulk" 544
"../../../Engine/Plugins/Animation/ControlRig/Content/Controls/ControlRig_Diamond_1mm.uasset" 545
"../../../Engine/Plugins/Animation/ControlRig/Content/Controls/ControlRig_Diamond_1mm.uexp" 546
"../../../Engine/Plugins/Animation/ControlRig/Content/Controls/ControlRig_Circle_solid.ubulk" 547
"../../../Engine/Plugins/Animation/ControlRig/Content/Controls/ControlRig_Circle_solid.uasset" 548
"../../../Engine/Plugins/Animation/ControlRig/Content/Controls/ControlRig_Circle_solid.uexp" 549
"../../../Engine/Plugins/Animation/ControlRig/Content/Controls/ControlRig_Circle_3mm.ubulk" 550
"../../../Engine/Plugins/Animation/ControlRig/Content/Controls/ControlRig_Circle_3mm.uasset" 551
"../../../Engine/Plugins/Animation/ControlRig/Content/Controls/ControlRig_Circle_3mm.uexp" 552
"../../../Engine/Plugins/Animation/ControlRig/Content/Controls/ControlRig_Circle_1mm.ubulk" 553
"../../../Engine/Plugins/Animation/ControlRig/Content/Controls/ControlRig_Circle_1mm.uasset" 554
"../../../Engine/Plugins/Animation/ControlRig/Content/Controls/ControlRig_Circle_1mm.uexp" 555
"../../../Engine/Plugins/Animation/ControlRig/Content/Controls/ControlRig_Box_solid.ubulk" 556
"../../../Engine/Plugins/Animation/ControlRig/Content/Controls/ControlRig_Box_solid.uasset" 557
"../../../Engine/Plugins/Animation/ControlRig/Content/Controls/ControlRig_Box_solid.uexp" 558
"../../../Engine/Plugins/Animation/ControlRig/Content/Controls/ControlRig_Box_3mm.ubulk" 559
"../../../Engine/Plugins/Animation/ControlRig/Content/Controls/ControlRig_Box_3mm.uasset" 560
"../../../Engine/Plugins/Animation/ControlRig/Content/Controls/ControlRig_Box_3mm.uexp" 561
"../../../Engine/Plugins/Animation/ControlRig/Content/Controls/ControlRig_Box_1mm.ubulk" 562
"../../../Engine/Plugins/Animation/ControlRig/Content/Controls/ControlRig_Box_1mm.uasset" 563
"../../../Engine/Plugins/Animation/ControlRig/Content/Controls/ControlRig_Box_1mm.uexp" 564
"../../../Engine/Plugins/Animation/ControlRig/Content/Controls/ControlRig_Arrow_solid.ubulk" 565
"../../../Engine/Plugins/Animation/ControlRig/Content/Controls/ControlRig_Arrow_solid.uasset" 566
"../../../Engine/Plugins/Animation/ControlRig/Content/Controls/ControlRig_Arrow_solid.uexp" 567
"../../../Engine/Plugins/Animation/ControlRig/Content/Controls/ControlRig_Arrow_3mm.ubulk" 568
"../../../Engine/Plugins/Animation/ControlRig/Content/Controls/ControlRig_Arrow_3mm.uasset" 569
"../../../Engine/Plugins/Animation/ControlRig/Content/Controls/ControlRig_Arrow_3mm.uexp" 570
"../../../Engine/Plugins/Animation/ControlRig/Content/Controls/ControlRig_Arrow_1mm.ubulk" 571
"../../../Engine/Plugins/Animation/ControlRig/Content/Controls/ControlRig_Arrow_1mm.uasset" 572
"../../../Engine/Plugins/Animation/ControlRig/Content/Controls/ControlRig_Arrow_1mm.uexp" 573
"../../../Engine/Plugins/Animation/ControlRig/Content/Controls/ControlRig_Arrow4_solid.ubulk" 574
"../../../Engine/Plugins/Animation/ControlRig/Content/Controls/ControlRig_Arrow4_solid.uasset" 575
"../../../Engine/Plugins/Animation/ControlRig/Content/Controls/ControlRig_Arrow4_solid.uexp" 576
"../../../Engine/Plugins/Animation/ControlRig/Content/Controls/ControlRig_Arrow4_3mm.ubulk" 577
"../../../Engine/Plugins/Animation/ControlRig/Content/Controls/ControlRig_Arrow4_3mm.uasset" 578
"../../../Engine/Plugins/Animation/ControlRig/Content/Controls/ControlRig_Arrow4_3mm.uexp" 579
"../../../Engine/Plugins/Animation/ControlRig/Content/Controls/ControlRig_Arrow4_1mm.ubulk" 580
"../../../Engine/Plugins/Animation/ControlRig/Content/Controls/ControlRig_Arrow4_1mm.uasset" 581
"../../../Engine/Plugins/Animation/ControlRig/Content/Controls/ControlRig_Arrow4_1mm.uexp" 582
"../../../Engine/Plugins/Animation/ControlRig/Content/Controls/ControlRig_Arrow2_solid.ubulk" 583
"../../../Engine/Plugins/Animation/ControlRig/Content/Controls/ControlRig_Arrow2_solid.uasset" 584
"../../../Engine/Plugins/Animation/ControlRig/Content/Controls/ControlRig_Arrow2_solid.uexp" 585
"../../../Engine/Plugins/Animation/ControlRig/Content/Controls/ControlRig_Arrow2_3mm.ubulk" 586
"../../../Engine/Plugins/Animation/ControlRig/Content/Controls/ControlRig_Arrow2_3mm.uasset" 587
"../../../Engine/Plugins/Animation/ControlRig/Content/Controls/ControlRig_Arrow2_3mm.uexp" 588
"../../../Engine/Plugins/Animation/ControlRig/Content/Controls/ControlRig_Arrow2_1mm.ubulk" 589
"../../../Engine/Plugins/Animation/ControlRig/Content/Controls/ControlRig_Arrow2_1mm.uasset" 590
"../../../Engine/Plugins/Animation/ControlRig/Content/Controls/ControlRig_Arrow2_1mm.uexp" 591
"../../../Engine/Plugins/Animation/ControlRig/Content/Controls/ControlRigGizmoMaterial.uasset" 592
"../../../Engine/Plugins/Animation/ControlRig/Content/Controls/ControlRigGizmoMaterial.uexp" 593
"../../../Engine/Plugins/Editor/SpeedTreeImporter/Content/SpeedTree9/game_wind_noise.ubulk" 594
"../../../Engine/Plugins/Editor/SpeedTreeImporter/Content/SpeedTree9/game_wind_noise.uasset" 595
"../../../Engine/Plugins/Editor/SpeedTreeImporter/Content/SpeedTree9/game_wind_noise.uexp" 596
"../../../Engine/Plugins/Editor/SpeedTreeImporter/Content/SpeedTree9/UnpackDirection.uasset" 597
"../../../Engine/Plugins/Editor/SpeedTreeImporter/Content/SpeedTree9/UnpackDirection.uexp" 598
"../../../Engine/Content/Functions/Engine_MaterialFunctions02/ObjectLocalBounds.uasset" 599
"../../../Engine/Content/Functions/Engine_MaterialFunctions02/ObjectLocalBounds.uexp" 600
"../../../Engine/Content/Functions/Engine_MaterialFunctions02/UVs/BoundingBoxBased_0-1_UVW.uasset" 601
"../../../Engine/Content/Functions/Engine_MaterialFunctions02/UVs/BoundingBoxBased_0-1_UVW.uexp" 602
"../../../Engine/Content/Functions/Engine_MaterialFunctions02/Utility/VectorLength.uasset" 603
"../../../Engine/Content/Functions/Engine_MaterialFunctions02/Utility/VectorLength.uexp" 604
"../../../Engine/Plugins/Editor/SpeedTreeImporter/Content/SpeedTree9/UnpackInteger3.uasset" 605
"../../../Engine/Plugins/Editor/SpeedTreeImporter/Content/SpeedTree9/UnpackInteger3.uexp" 606
"../../../Engine/Plugins/Editor/SpeedTreeImporter/Content/SpeedTree9/SpeedTreeCameraFacing.uasset" 607
"../../../Engine/Plugins/Editor/SpeedTreeImporter/Content/SpeedTree9/SpeedTreeCameraFacing.uexp" 608
"../../../Engine/Content/Functions/Engine_MaterialFunctions02/WorldPositionOffset/ObjectScale.uasset" 609
"../../../Engine/Content/Functions/Engine_MaterialFunctions02/WorldPositionOffset/ObjectScale.uexp" 610
"../../../Engine/Content/Functions/Engine_MaterialFunctions02/SafeNormalize.uasset" 611
"../../../Engine/Content/Functions/Engine_MaterialFunctions02/SafeNormalize.uexp" 612
"../../../Engine/Plugins/Editor/SpeedTreeImporter/Content/SpeedTree9/SpeedTreeWindMotion.uasset" 613
"../../../Engine/Plugins/Editor/SpeedTreeImporter/Content/SpeedTree9/SpeedTreeWindMotion.uexp" 614
"../../../Engine/Plugins/Editor/SpeedTreeImporter/Content/SpeedTree9/SpeedTreeBranchMotion.uasset" 615
"../../../Engine/Plugins/Editor/SpeedTreeImporter/Content/SpeedTree9/SpeedTreeBranchMotion.uexp" 616
"../../../Engine/Plugins/Editor/SpeedTreeImporter/Content/SpeedTree9/SpeedTreeWind.uasset" 617
"../../../Engine/Plugins/Editor/SpeedTreeImporter/Content/SpeedTree9/SpeedTreeWind.uexp" 618
"../../../Engine/Plugins/Editor/SpeedTreeImporter/Content/SpeedTree9/EmptyNormal.uasset" 619
"../../../Engine/Plugins/Editor/SpeedTreeImporter/Content/SpeedTree9/EmptyNormal.uexp" 620
"../../../Engine/Plugins/Editor/SpeedTreeImporter/Content/SpeedTree9/Empty.uasset" 621
"../../../Engine/Plugins/Editor/SpeedTreeImporter/Content/SpeedTree9/Empty.uexp" 622
"../../../Engine/Plugins/Editor/SpeedTreeImporter/Content/SpeedTree9/SpeedTreeMaster.uasset" 623
"../../../Engine/Plugins/Editor/SpeedTreeImporter/Content/SpeedTree9/SpeedTreeMaster.uexp" 624
"../../../Engine/Plugins/Editor/SpeedTreeImporter/Content/SpeedTree9/SpeedTreeBillboard.uasset" 625
"../../../Engine/Plugins/Editor/SpeedTreeImporter/Content/SpeedTree9/SpeedTreeBillboard.uexp" 626
"../../../Engine/Plugins/Editor/SpeedTreeImporter/Content/SpeedTree9/SpeedTreeBillboardMaster.uasset" 627
"../../../Engine/Plugins/Editor/SpeedTreeImporter/Content/SpeedTree9/SpeedTreeBillboardMaster.uexp" 628
"../../../Engine/Content/Tutorial/Landscape/TutorialAssets/Landscape.uasset" 629
"../../../Engine/Content/Tutorial/Landscape/TutorialAssets/Landscape.uexp" 630
"../../../Engine/Content/EditorBlueprintResources/StandardMacros.uasset" 631
"../../../Engine/Content/EditorBlueprintResources/StandardMacros.uexp" 632
"../../../Engine/Plugins/Runtime/Oculus/OculusVR/Content/Materials/PokeAHoleMaterial.uasset" 633
"../../../Engine/Plugins/Runtime/Oculus/OculusVR/Content/Materials/PokeAHoleMaterial.uexp" 634
"../../../Engine/Plugins/Runtime/Oculus/OculusVR/Content/Materials/OculusMR_OpaqueColoredMaterial.uasset" 635
"../../../Engine/Plugins/Runtime/Oculus/OculusVR/Content/Materials/OculusMR_OpaqueColoredMaterial.uexp" 636
"../../../Engine/Content/Functions/Engine_MaterialFunctions02/Utility/BreakOutFloat4Components.uasset" 637
"../../../Engine/Content/Functions/Engine_MaterialFunctions02/Utility/BreakOutFloat4Components.uexp" 638
"../../../Engine/Plugins/Runtime/Oculus/OculusVR/Content/Materials/OculusMR_ChromaKey.uasset" 639
"../../../Engine/Plugins/Runtime/Oculus/OculusVR/Content/Materials/OculusMR_ChromaKey.uexp" 640
"../../../Engine/Plugins/Runtime/HairStrands/Content/Materials/HairMeshesDefaultMaterial.uasset" 641
"../../../Engine/Plugins/Runtime/HairStrands/Content/Materials/HairMeshesDefaultMaterial.uexp" 642
"../../../Engine/Plugins/Runtime/HairStrands/Content/Materials/HairDefaultMaterial.uasset" 643
"../../../Engine/Plugins/Runtime/HairStrands/Content/Materials/HairDefaultMaterial.uexp" 644
"../../../Engine/Plugins/Runtime/HairStrands/Content/Materials/HairGroupColors.uasset" 645
"../../../Engine/Plugins/Runtime/HairStrands/Content/Materials/HairGroupColors.uexp" 646
"../../../Engine/Content/EngineMaterials/HairColorMap.uasset" 647
"../../../Engine/Content/EngineMaterials/HairColorMap.uexp" 648
"../../../Engine/Content/EngineMaterials/HairDebugColor.uasset" 649
"../../../Engine/Content/EngineMaterials/HairDebugColor.uexp" 650
"../../../Engine/Plugins/Runtime/HairStrands/Content/Materials/HairDebugMaterial.uasset" 651
"../../../Engine/Plugins/Runtime/HairStrands/Content/Materials/HairDebugMaterial.uexp" 652
"../../../Engine/Plugins/Runtime/HairStrands/Content/Materials/HairCardsDefaultMaterial.uasset" 653
"../../../Engine/Plugins/Runtime/HairStrands/Content/Materials/HairCardsDefaultMaterial.uexp" 654
"../../../Engine/Content/EngineResources/Black.uasset" 655
"../../../Engine/Content/EngineResources/Black.uexp" 656
"../../../Engine/Plugins/Runtime/OpenXR/Content/Devices/M_XRController.uasset" 657
"../../../Engine/Plugins/Runtime/OpenXR/Content/Devices/M_XRController.uexp" 658
"../../../Engine/Plugins/Runtime/OpenXR/Content/Devices/ValveIndex/MRTexture.ubulk" 659
"../../../Engine/Plugins/Runtime/OpenXR/Content/Devices/ValveIndex/MRTexture.uasset" 660
"../../../Engine/Plugins/Runtime/OpenXR/Content/Devices/ValveIndex/MRTexture.uexp" 661
"../../../Engine/Plugins/Runtime/OpenXR/Content/Devices/ValveIndex/BaseTexture.ubulk" 662
"../../../Engine/Plugins/Runtime/OpenXR/Content/Devices/ValveIndex/BaseTexture.uasset" 663
"../../../Engine/Plugins/Runtime/OpenXR/Content/Devices/ValveIndex/BaseTexture.uexp" 664
"../../../Engine/Plugins/Runtime/OpenXR/Content/Devices/ValveIndex/Right/MI_right_ValveIndex.uasset" 665
"../../../Engine/Plugins/Runtime/OpenXR/Content/Devices/ValveIndex/Right/MI_right_ValveIndex.uexp" 666
"../../../Engine/Plugins/Runtime/OpenXR/Content/Devices/ValveIndex/Right/right_ValveIndexController.ubulk" 667
"../../../Engine/Plugins/Runtime/OpenXR/Content/Devices/ValveIndex/Right/right_ValveIndexController.uasset" 668
"../../../Engine/Plugins/Runtime/OpenXR/Content/Devices/ValveIndex/Right/right_ValveIndexController.uexp" 669
"../../../Engine/Plugins/Runtime/OpenXR/Content/Devices/ValveIndex/Left/MI_left_ValveIndex.uasset" 670
"../../../Engine/Plugins/Runtime/OpenXR/Content/Devices/ValveIndex/Left/MI_left_ValveIndex.uexp" 671
"../../../Engine/Plugins/Runtime/OpenXR/Content/Devices/ValveIndex/Left/left_ValveIndexController.ubulk" 672
"../../../Engine/Plugins/Runtime/OpenXR/Content/Devices/ValveIndex/Left/left_ValveIndexController.uasset" 673
"../../../Engine/Plugins/Runtime/OpenXR/Content/Devices/ValveIndex/Left/left_ValveIndexController.uexp" 674
"../../../Engine/Plugins/Runtime/OpenXR/Content/Devices/OculusTouch_v3/MRTexture.ubulk" 675
"../../../Engine/Plugins/Runtime/OpenXR/Content/Devices/OculusTouch_v3/MRTexture.uasset" 676
"../../../Engine/Plugins/Runtime/OpenXR/Content/Devices/OculusTouch_v3/MRTexture.uexp" 677
"../../../Engine/Plugins/Runtime/OpenXR/Content/Devices/OculusTouch_v3/BaseTexture.ubulk" 678
"../../../Engine/Plugins/Runtime/OpenXR/Content/Devices/OculusTouch_v3/BaseTexture.uasset" 679
"../../../Engine/Plugins/Runtime/OpenXR/Content/Devices/OculusTouch_v3/BaseTexture.uexp" 680
"../../../Engine/Plugins/Runtime/OpenXR/Content/Devices/OculusTouch_v3/MI_OculusTouch_v3.uasset" 681
"../../../Engine/Plugins/Runtime/OpenXR/Content/Devices/OculusTouch_v3/MI_OculusTouch_v3.uexp" 682
"../../../Engine/Plugins/Runtime/OpenXR/Content/Devices/OculusTouch_v3/Right/right_OculusTouch_v3Controller.ubulk" 683
"../../../Engine/Plugins/Runtime/OpenXR/Content/Devices/OculusTouch_v3/Right/right_OculusTouch_v3Controller.uasset" 684
"../../../Engine/Plugins/Runtime/OpenXR/Content/Devices/OculusTouch_v3/Right/right_OculusTouch_v3Controller.uexp" 685
"../../../Engine/Plugins/Runtime/OpenXR/Content/Devices/OculusTouch_v3/Left/left_OculusTouch_v3Controller.ubulk" 686
"../../../Engine/Plugins/Runtime/OpenXR/Content/Devices/OculusTouch_v3/Left/left_OculusTouch_v3Controller.uasset" 687
"../../../Engine/Plugins/Runtime/OpenXR/Content/Devices/OculusTouch_v3/Left/left_OculusTouch_v3Controller.uexp" 688
"../../../Engine/Plugins/Runtime/OpenXR/Content/Devices/OculusTouch_v2/BaseTexture.ubulk" 689
"../../../Engine/Plugins/Runtime/OpenXR/Content/Devices/OculusTouch_v2/BaseTexture.uasset" 690
"../../../Engine/Plugins/Runtime/OpenXR/Content/Devices/OculusTouch_v2/BaseTexture.uexp" 691
"../../../Engine/Plugins/Runtime/OpenXR/Content/Devices/OculusTouch_v2/MRTexture.ubulk" 692
"../../../Engine/Plugins/Runtime/OpenXR/Content/Devices/OculusTouch_v2/MRTexture.uasset" 693
"../../../Engine/Plugins/Runtime/OpenXR/Content/Devices/OculusTouch_v2/MRTexture.uexp" 694
"../../../Engine/Plugins/Runtime/OpenXR/Content/Devices/OculusTouch_v2/MI_OculusTouch_v2.uasset" 695
"../../../Engine/Plugins/Runtime/OpenXR/Content/Devices/OculusTouch_v2/MI_OculusTouch_v2.uexp" 696
"../../../Engine/Plugins/Runtime/OpenXR/Content/Devices/OculusTouch_v2/Right/right_OculusTouch_v2Controller.ubulk" 697
"../../../Engine/Plugins/Runtime/OpenXR/Content/Devices/OculusTouch_v2/Right/right_OculusTouch_v2Controller.uasset" 698
"../../../Engine/Plugins/Runtime/OpenXR/Content/Devices/OculusTouch_v2/Right/right_OculusTouch_v2Controller.uexp" 699
"../../../Engine/Plugins/Runtime/OpenXR/Content/Devices/OculusTouch_v2/Left/left_OculusTouch_v2Controller.ubulk" 700
"../../../Engine/Plugins/Runtime/OpenXR/Content/Devices/OculusTouch_v2/Left/left_OculusTouch_v2Controller.uasset" 701
"../../../Engine/Plugins/Runtime/OpenXR/Content/Devices/OculusTouch_v2/Left/left_OculusTouch_v2Controller.uexp" 702
"../../../Engine/Plugins/Runtime/OpenXR/Content/Devices/OculusTouch/BaseTexture.ubulk" 703
"../../../Engine/Plugins/Runtime/OpenXR/Content/Devices/OculusTouch/BaseTexture.uasset" 704
"../../../Engine/Plugins/Runtime/OpenXR/Content/Devices/OculusTouch/BaseTexture.uexp" 705
"../../../Engine/Plugins/Runtime/OpenXR/Content/Devices/OculusTouch/MRTexture.ubulk" 706
"../../../Engine/Plugins/Runtime/OpenXR/Content/Devices/OculusTouch/MRTexture.uasset" 707
"../../../Engine/Plugins/Runtime/OpenXR/Content/Devices/OculusTouch/MRTexture.uexp" 708
"../../../Engine/Plugins/Runtime/OpenXR/Content/Devices/OculusTouch/MI_OculusTouch.uasset" 709
"../../../Engine/Plugins/Runtime/OpenXR/Content/Devices/OculusTouch/MI_OculusTouch.uexp" 710
"../../../Engine/Plugins/Runtime/OpenXR/Content/Devices/OculusTouch/Right/right_OculusTouchController.ubulk" 711
"../../../Engine/Plugins/Runtime/OpenXR/Content/Devices/OculusTouch/Right/right_OculusTouchController.uasset" 712
"../../../Engine/Plugins/Runtime/OpenXR/Content/Devices/OculusTouch/Right/right_OculusTouchController.uexp" 713
"../../../Engine/Plugins/Runtime/OpenXR/Content/Devices/OculusTouch/Left/left_OculusTouchController.ubulk" 714
"../../../Engine/Plugins/Runtime/OpenXR/Content/Devices/OculusTouch/Left/left_OculusTouchController.uasset" 715
"../../../Engine/Plugins/Runtime/OpenXR/Content/Devices/OculusTouch/Left/left_OculusTouchController.uexp" 716
"../../../Engine/Plugins/Runtime/OpenXR/Content/Devices/OculusGo/BaseTexture.ubulk" 717
"../../../Engine/Plugins/Runtime/OpenXR/Content/Devices/OculusGo/BaseTexture.uasset" 718
"../../../Engine/Plugins/Runtime/OpenXR/Content/Devices/OculusGo/BaseTexture.uexp" 719
"../../../Engine/Plugins/Runtime/OpenXR/Content/Devices/OculusGo/MI_OculusGo.uasset" 720
"../../../Engine/Plugins/Runtime/OpenXR/Content/Devices/OculusGo/MI_OculusGo.uexp" 721
"../../../Engine/Plugins/Runtime/OpenXR/Content/Devices/OculusGo/OculusGoController.ubulk" 722
"../../../Engine/Plugins/Runtime/OpenXR/Content/Devices/OculusGo/OculusGoController.uasset" 723
"../../../Engine/Plugins/Runtime/OpenXR/Content/Devices/OculusGo/OculusGoController.uexp" 724
"../../../Engine/Plugins/Runtime/OpenXR/Content/Devices/MicrosoftMixedReality/NormalTexture.ubulk" 725
"../../../Engine/Plugins/Runtime/OpenXR/Content/Devices/MicrosoftMixedReality/NormalTexture.uasset" 726
"../../../Engine/Plugins/Runtime/OpenXR/Content/Devices/MicrosoftMixedReality/NormalTexture.uexp" 727
"../../../Engine/Plugins/Runtime/OpenXR/Content/Devices/MicrosoftMixedReality/EmissiveTexture.ubulk" 728
"../../../Engine/Plugins/Runtime/OpenXR/Content/Devices/MicrosoftMixedReality/EmissiveTexture.uasset" 729
"../../../Engine/Plugins/Runtime/OpenXR/Content/Devices/MicrosoftMixedReality/EmissiveTexture.uexp" 730
"../../../Engine/Plugins/Runtime/OpenXR/Content/Devices/MicrosoftMixedReality/BaseTexture.ubulk" 731
"../../../Engine/Plugins/Runtime/OpenXR/Content/Devices/MicrosoftMixedReality/BaseTexture.uasset" 732
"../../../Engine/Plugins/Runtime/OpenXR/Content/Devices/MicrosoftMixedReality/BaseTexture.uexp" 733
"../../../Engine/Plugins/Runtime/OpenXR/Content/Devices/MicrosoftMixedReality/MRTexture.ubulk" 734
"../../../Engine/Plugins/Runtime/OpenXR/Content/Devices/MicrosoftMixedReality/MRTexture.uasset" 735
"../../../Engine/Plugins/Runtime/OpenXR/Content/Devices/MicrosoftMixedReality/MRTexture.uexp" 736
"../../../Engine/Plugins/Runtime/OpenXR/Content/Devices/MicrosoftMixedReality/MI_MicrosoftMixedReality.uasset" 737
"../../../Engine/Plugins/Runtime/OpenXR/Content/Devices/MicrosoftMixedReality/MI_MicrosoftMixedReality.uexp" 738
"../../../Engine/Plugins/Runtime/OpenXR/Content/Devices/MicrosoftMixedReality/Right/right_MicrosoftMixedRealityController.ubulk" 739
"../../../Engine/Plugins/Runtime/OpenXR/Content/Devices/MicrosoftMixedReality/Right/right_MicrosoftMixedRealityController.uasset" 740
"../../../Engine/Plugins/Runtime/OpenXR/Content/Devices/MicrosoftMixedReality/Right/right_MicrosoftMixedRealityController.uexp" 741
"../../../Engine/Plugins/Runtime/OpenXR/Content/Devices/MicrosoftMixedReality/Left/left_MicrosoftMixedRealityController.ubulk" 742
"../../../Engine/Plugins/Runtime/OpenXR/Content/Devices/MicrosoftMixedReality/Left/left_MicrosoftMixedRealityController.uasset" 743
"../../../Engine/Plugins/Runtime/OpenXR/Content/Devices/MicrosoftMixedReality/Left/left_MicrosoftMixedRealityController.uexp" 744
"../../../Engine/Plugins/Runtime/OpenXR/Content/Devices/HTCVive/BaseTexture.ubulk" 745
"../../../Engine/Plugins/Runtime/OpenXR/Content/Devices/HTCVive/BaseTexture.uasset" 746
"../../../Engine/Plugins/Runtime/OpenXR/Content/Devices/HTCVive/BaseTexture.uexp" 747
"../../../Engine/Plugins/Runtime/OpenXR/Content/Devices/HTCVive/MI_HTCVive.uasset" 748
"../../../Engine/Plugins/Runtime/OpenXR/Content/Devices/HTCVive/MI_HTCVive.uexp" 749
"../../../Engine/Plugins/Runtime/OpenXR/Content/Devices/HTCVive/HTCViveController.ubulk" 750
"../../../Engine/Plugins/Runtime/OpenXR/Content/Devices/HTCVive/HTCViveController.uasset" 751
"../../../Engine/Plugins/Runtime/OpenXR/Content/Devices/HTCVive/HTCViveController.uexp" 752
"../../../Engine/Plugins/Runtime/Oculus/OculusVR/Content/Textures/TouchForQuestRiftSController_albedo.ubulk" 753
"../../../Engine/Plugins/Runtime/Oculus/OculusVR/Content/Textures/TouchForQuestRiftSController_albedo.uasset" 754
"../../../Engine/Plugins/Runtime/Oculus/OculusVR/Content/Textures/TouchForQuestRiftSController_albedo.uexp" 755
"../../../Engine/Plugins/Runtime/Oculus/OculusVR/Content/Materials/TouchForQuestRiftSControllerMaterial.uasset" 756
"../../../Engine/Plugins/Runtime/Oculus/OculusVR/Content/Materials/TouchForQuestRiftSControllerMaterial.uexp" 757
"../../../Engine/Plugins/Runtime/Oculus/OculusVR/Content/Meshes/RightTouchForQuestRiftSController.ubulk" 758
"../../../Engine/Plugins/Runtime/Oculus/OculusVR/Content/Meshes/RightTouchForQuestRiftSController.uasset" 759
"../../../Engine/Plugins/Runtime/Oculus/OculusVR/Content/Meshes/RightTouchForQuestRiftSController.uexp" 760
"../../../Engine/Plugins/Runtime/Oculus/OculusVR/Content/Textures/touchController_albedo.ubulk" 761
"../../../Engine/Plugins/Runtime/Oculus/OculusVR/Content/Textures/touchController_albedo.uasset" 762
"../../../Engine/Plugins/Runtime/Oculus/OculusVR/Content/Textures/touchController_albedo.uexp" 763
"../../../Engine/Plugins/Runtime/Oculus/OculusVR/Content/Textures/touchController_controlmap.ubulk" 764
"../../../Engine/Plugins/Runtime/Oculus/OculusVR/Content/Textures/touchController_controlmap.uasset" 765
"../../../Engine/Plugins/Runtime/Oculus/OculusVR/Content/Textures/touchController_controlmap.uexp" 766
"../../../Engine/Plugins/Runtime/Oculus/OculusVR/Content/Materials/touchController_mat.uasset" 767
"../../../Engine/Plugins/Runtime/Oculus/OculusVR/Content/Materials/touchController_mat.uexp" 768
"../../../Engine/Plugins/Runtime/Oculus/OculusVR/Content/Meshes/RightTouchController.ubulk" 769
"../../../Engine/Plugins/Runtime/Oculus/OculusVR/Content/Meshes/RightTouchController.uasset" 770
"../../../Engine/Plugins/Runtime/Oculus/OculusVR/Content/Meshes/RightTouchController.uexp" 771
"../../../Engine/Plugins/Runtime/Oculus/OculusVR/Content/Meshes/RiftHMD.ubulk" 772
"../../../Engine/Plugins/Runtime/Oculus/OculusVR/Content/Meshes/RiftHMD.uasset" 773
"../../../Engine/Plugins/Runtime/Oculus/OculusVR/Content/Meshes/RiftHMD.uexp" 774
"../../../Engine/Plugins/Runtime/Oculus/OculusVR/Content/Meshes/LeftTouchForQuestRiftSController.ubulk" 775
"../../../Engine/Plugins/Runtime/Oculus/OculusVR/Content/Meshes/LeftTouchForQuestRiftSController.uasset" 776
"../../../Engine/Plugins/Runtime/Oculus/OculusVR/Content/Meshes/LeftTouchForQuestRiftSController.uexp" 777
"../../../Engine/Plugins/Runtime/Oculus/OculusVR/Content/Meshes/LeftTouchController.ubulk" 778
"../../../Engine/Plugins/Runtime/Oculus/OculusVR/Content/Meshes/LeftTouchController.uasset" 779
"../../../Engine/Plugins/Runtime/Oculus/OculusVR/Content/Meshes/LeftTouchController.uexp" 780
"F:/UnrealEngine/Projects/MultiPlayerGame/Content/Mannequin/Character/Mesh/SK_Mannequin_Female_PhysicsAsset.uasset" 781
"F:/UnrealEngine/Projects/MultiPlayerGame/Content/Mannequin/Character/Mesh/SK_Mannequin_Female_PhysicsAsset.uexp" 782
"F:/UnrealEngine/Projects/MultiPlayerGame/Content/Mannequin/Character/Textures/T_Female_N.ubulk" 783
"F:/UnrealEngine/Projects/MultiPlayerGame/Content/Mannequin/Character/Textures/T_Female_N.uasset" 784
"F:/UnrealEngine/Projects/MultiPlayerGame/Content/Mannequin/Character/Textures/T_Female_N.uexp" 785
"F:/UnrealEngine/Projects/MultiPlayerGame/Content/Mannequin/Character/Textures/T_Female_Mask.ubulk" 786
"F:/UnrealEngine/Projects/MultiPlayerGame/Content/Mannequin/Character/Textures/T_Female_Mask.uasset" 787
"F:/UnrealEngine/Projects/MultiPlayerGame/Content/Mannequin/Character/Textures/T_Female_Mask.uexp" 788
"F:/UnrealEngine/Projects/MultiPlayerGame/Content/Mannequin/Character/Materials/MI_Female_Body.uasset" 789
"F:/UnrealEngine/Projects/MultiPlayerGame/Content/Mannequin/Character/Materials/MI_Female_Body.uexp" 790
"F:/UnrealEngine/Projects/MultiPlayerGame/Content/Mannequin/Character/Mesh/SK_Mannequin_Female.uasset" 791
"F:/UnrealEngine/Projects/MultiPlayerGame/Content/Mannequin/Character/Mesh/SK_Mannequin_Female.uexp" 792
"F:/UnrealEngine/Projects/MultiPlayerGame/Content/ThirdPerson/Maps/ThirdPersonMap_BuiltData.ubulk" 793
"F:/UnrealEngine/Projects/MultiPlayerGame/Content/ThirdPerson/Maps/ThirdPersonMap_BuiltData.uasset" 794
"F:/UnrealEngine/Projects/MultiPlayerGame/Content/ThirdPerson/Maps/ThirdPersonMap_BuiltData.uexp" 795
"../../../Engine/Content/Functions/Engine_MaterialFunctions01/Gradient/LinearGradient.uasset" 796
"../../../Engine/Content/Functions/Engine_MaterialFunctions01/Gradient/LinearGradient.uexp" 797
"../../../Engine/Content/Functions/Engine_MaterialFunctions01/ImageAdjustment/CheapContrast.uasset" 798
"../../../Engine/Content/Functions/Engine_MaterialFunctions01/ImageAdjustment/CheapContrast.uexp" 799
"../../../Engine/Content/OpenWorldTemplate/LandscapeMaterial/MF_Checker.uasset" 800
"../../../Engine/Content/OpenWorldTemplate/LandscapeMaterial/MF_Checker.uexp" 801
"../../../Engine/Content/OpenWorldTemplate/LandscapeMaterial/MF_RSquareGradient.uasset" 802
"../../../Engine/Content/OpenWorldTemplate/LandscapeMaterial/MF_RSquareGradient.uexp" 803
"../../../Engine/Content/OpenWorldTemplate/LandscapeMaterial/MF_ProcGrid.uasset" 804
"../../../Engine/Content/OpenWorldTemplate/LandscapeMaterial/MF_ProcGrid.uexp" 805
"../../../Engine/Content/Functions/Engine_MaterialFunctions01/Texturing/WorldAlignedTexture.uasset" 806
"../../../Engine/Content/Functions/Engine_MaterialFunctions01/Texturing/WorldAlignedTexture.uexp" 807
"F:/UnrealEngine/Projects/MultiPlayerGame/Content/LevelPrototyping/Textures/T_Hologrid.ubulk" 808
"F:/UnrealEngine/Projects/MultiPlayerGame/Content/LevelPrototyping/Textures/T_Hologrid.uasset" 809
"F:/UnrealEngine/Projects/MultiPlayerGame/Content/LevelPrototyping/Textures/T_Hologrid.uexp" 810
"F:/UnrealEngine/Projects/MultiPlayerGame/Content/LevelPrototyping/Materials/M_PrototypeGrid.uasset" 811
"F:/UnrealEngine/Projects/MultiPlayerGame/Content/LevelPrototyping/Materials/M_PrototypeGrid.uexp" 812
"F:/UnrealEngine/Projects/MultiPlayerGame/Content/LevelPrototyping/Materials/MI_PrototypeGrid_Gray.uasset" 813
"F:/UnrealEngine/Projects/MultiPlayerGame/Content/LevelPrototyping/Materials/MI_PrototypeGrid_Gray.uexp" 814
"F:/UnrealEngine/Projects/MultiPlayerGame/Content/LevelPrototyping/Materials/MI_PrototypeGrid_TopDark.uasset" 815
"F:/UnrealEngine/Projects/MultiPlayerGame/Content/LevelPrototyping/Materials/MI_PrototypeGrid_TopDark.uexp" 816
"F:/UnrealEngine/Projects/MultiPlayerGame/Content/LevelPrototyping/Materials/M_Solid.uasset" 817
"F:/UnrealEngine/Projects/MultiPlayerGame/Content/LevelPrototyping/Materials/M_Solid.uexp" 818
"F:/UnrealEngine/Projects/MultiPlayerGame/Content/LevelPrototyping/Materials/MI_Solid_Blue.uasset" 819
"F:/UnrealEngine/Projects/MultiPlayerGame/Content/LevelPrototyping/Materials/MI_Solid_Blue.uexp" 820
"F:/UnrealEngine/Projects/MultiPlayerGame/Content/LevelPrototyping/Meshes/SM_ChamferCube.ubulk" 821
"F:/UnrealEngine/Projects/MultiPlayerGame/Content/LevelPrototyping/Meshes/SM_ChamferCube.uasset" 822
"F:/UnrealEngine/Projects/MultiPlayerGame/Content/LevelPrototyping/Meshes/SM_ChamferCube.uexp" 823
"F:/UnrealEngine/Projects/MultiPlayerGame/Content/LevelPrototyping/Meshes/SM_Cube.ubulk" 824
"F:/UnrealEngine/Projects/MultiPlayerGame/Content/LevelPrototyping/Meshes/SM_Cube.uasset" 825
"F:/UnrealEngine/Projects/MultiPlayerGame/Content/LevelPrototyping/Meshes/SM_Cube.uexp" 826
"F:/UnrealEngine/Projects/MultiPlayerGame/Content/LevelPrototyping/Meshes/SM_QuarterCylinder.ubulk" 827
"F:/UnrealEngine/Projects/MultiPlayerGame/Content/LevelPrototyping/Meshes/SM_QuarterCylinder.uasset" 828
"F:/UnrealEngine/Projects/MultiPlayerGame/Content/LevelPrototyping/Meshes/SM_QuarterCylinder.uexp" 829
"F:/UnrealEngine/Projects/MultiPlayerGame/Content/LevelPrototyping/Meshes/SM_Ramp.ubulk" 830
"F:/UnrealEngine/Projects/MultiPlayerGame/Content/LevelPrototyping/Meshes/SM_Ramp.uasset" 831
"F:/UnrealEngine/Projects/MultiPlayerGame/Content/LevelPrototyping/Meshes/SM_Ramp.uexp" 832
"F:/UnrealEngine/Projects/MultiPlayerGame/Content/ThirdPerson/Maps/ThirdPersonMap.uexp" 833
"F:/UnrealEngine/Projects/MultiPlayerGame/Content/ThirdPerson/Maps/ThirdPersonMap.umap" 834
"../../../Engine/Content/Maps/Entry_BuiltData.uasset" 835
"../../../Engine/Content/Maps/Entry_BuiltData.uexp" 836
"../../../Engine/Content/Maps/Entry.uexp" 837
"../../../Engine/Content/Maps/Entry.umap" 838
